This file contains any messages produced by compilers while
running configure, to aid debugging if configure makes a mistake.

It was created by libshare configure 2.0.3, which was
generated by GNU Autoconf 2.63.  Invocation command line was

  $ ../../configure 

## --------- ##
## Platform. ##
## --------- ##

hostname = srue
uname -m = x86_64
uname -r = 2.6.32-358.2.1.el6.centos.plus.x86_64
uname -s = Linux
uname -v = #1 SMP Wed Mar 13 02:09:07 UTC 2013

/usr/bin/uname -p = unknown
/bin/uname -X     = unknown

/bin/arch              = x86_64
/usr/bin/arch -k       = unknown
/usr/convex/getsysinfo = unknown
/usr/bin/hostinfo      = unknown
/bin/machine           = unknown
/usr/bin/oslevel       = unknown
/bin/universe          = unknown

PATH: /usr/lib64/qt-3.3/bin
PATH: /usr/local/sbin
PATH: /usr/sbin
PATH: /sbin
PATH: /usr/local/bin
PATH: /usr/bin
PATH: /bin
PATH: /root/bin


## ----------- ##
## Core tests. ##
## ----------- ##

configure:2074: checking for a BSD-compatible install
configure:2142: result: /usr/bin/install -c
configure:2153: checking whether build environment is sane
configure:2213: result: yes
configure:2354: checking for a thread-safe mkdir -p
configure:2393: result: /bin/mkdir -p
configure:2406: checking for gawk
configure:2422: found /usr/bin/gawk
configure:2433: result: gawk
configure:2444: checking whether make sets $(MAKE)
configure:2466: result: yes
configure:2604: checking for gcc
configure:2620: found /usr/bin/gcc
configure:2631: result: gcc
configure:2863: checking for C compiler version
configure:2871: gcc --version >&5
gcc (GCC) 4.4.7 20120313 (Red Hat 4.4.7-3)
Copyright (C) 2010 Free Software Foundation, Inc.
This is free software; see the source for copying conditions.  There is NO
warranty; not even for MERCHANTABILITY or FITNESS FOR A PARTICULAR PURPOSE.

configure:2875: $? = 0
configure:2882: gcc -v >&5
Using built-in specs.
Target: x86_64-redhat-linux
Configured with: ../configure --prefix=/usr --mandir=/usr/share/man --infodir=/usr/share/info --with-bugurl=http://bugzilla.redhat.com/bugzilla --enable-bootstrap --enable-shared --enable-threads=posix --enable-checking=release --with-system-zlib --enable-__cxa_atexit --disable-libunwind-exceptions --enable-gnu-unique-object --enable-languages=c,c++,objc,obj-c++,java,fortran,ada --enable-java-awt=gtk --disable-dssi --with-java-home=/usr/lib/jvm/java-1.5.0-gcj-1.5.0.0/jre --enable-libgcj-multifile --enable-java-maintainer-mode --with-ecj-jar=/usr/share/java/eclipse-ecj.jar --disable-libjava-multilib --with-ppl --with-cloog --with-tune=generic --with-arch_32=i686 --build=x86_64-redhat-linux
Thread model: posix
gcc version 4.4.7 20120313 (Red Hat 4.4.7-3) (GCC) 
configure:2886: $? = 0
configure:2893: gcc -V >&5
gcc: '-V' option must have argument
configure:2897: $? = 1
configure:2920: checking for C compiler default output file name
configure:2942: gcc    conftest.c  >&5
configure:2946: $? = 0
configure:2984: result: a.out
configure:3003: checking whether the C compiler works
configure:3013: ./a.out
configure:3017: $? = 0
configure:3036: result: yes
configure:3043: checking whether we are cross compiling
configure:3045: result: no
configure:3048: checking for suffix of executables
configure:3055: gcc -o conftest    conftest.c  >&5
configure:3059: $? = 0
configure:3085: result: 
configure:3091: checking for suffix of object files
configure:3117: gcc -c   conftest.c >&5
configure:3121: $? = 0
configure:3146: result: o
configure:3150: checking whether we are using the GNU C compiler
configure:3179: gcc -c   conftest.c >&5
configure:3186: $? = 0
configure:3203: result: yes
configure:3212: checking whether gcc accepts -g
configure:3242: gcc -c -g  conftest.c >&5
configure:3249: $? = 0
configure:3350: result: yes
configure:3367: checking for gcc option to accept ISO C89
configure:3441: gcc  -c -g -O2  conftest.c >&5
configure:3448: $? = 0
configure:3471: result: none needed
configure:3500: checking for style of include used by make
configure:3528: result: GNU
configure:3553: checking dependency style of gcc
configure:3663: result: gcc3
configure:3695: checking for a BSD-compatible install
configure:3763: result: /usr/bin/install -c
configure:3774: checking whether ln -s works
configure:3778: result: yes
configure:3785: checking whether make sets $(MAKE)
configure:3807: result: yes
configure:3847: checking build system type
configure:3865: result: x86_64-unknown-linux-gnu
configure:3887: checking host system type
configure:3902: result: x86_64-unknown-linux-gnu
configure:3924: checking for a sed that does not truncate output
configure:3990: result: /bin/sed
configure:4008: checking for grep that handles long lines and -e
configure:4068: result: /bin/grep
configure:4073: checking for egrep
configure:4137: result: /bin/grep -E
configure:4142: checking for fgrep
configure:4206: result: /bin/grep -F
configure:4241: checking for ld used by gcc
configure:4308: result: /usr/bin/ld
configure:4317: checking if the linker (/usr/bin/ld) is GNU ld
configure:4332: result: yes
configure:4344: checking for BSD- or MS-compatible name lister (nm)
configure:4393: result: /usr/bin/nm -B
configure:4511: checking the name lister (/usr/bin/nm -B) interface
configure:4518: gcc -c -g -O2  conftest.c >&5
configure:4521: /usr/bin/nm -B "conftest.o"
configure:4524: output
0000000000000000 B some_variable
configure:4531: result: BSD nm
configure:4535: checking the maximum length of command line arguments
configure:4655: result: 1966080
configure:4672: checking whether the shell understands some XSI constructs
configure:4682: result: yes
configure:4686: checking whether the shell understands "+="
configure:4692: result: yes
configure:4727: checking for /usr/bin/ld option to reload object files
configure:4734: result: -r
configure:4803: checking for objdump
configure:4819: found /usr/bin/objdump
configure:4830: result: objdump
configure:4862: checking how to recognize dependent libraries
configure:5058: result: pass_all
configure:5118: checking for ar
configure:5134: found /usr/bin/ar
configure:5145: result: ar
configure:5223: checking for strip
configure:5239: found /usr/bin/strip
configure:5250: result: strip
configure:5322: checking for ranlib
configure:5338: found /usr/bin/ranlib
configure:5349: result: ranlib
configure:5439: checking command to parse /usr/bin/nm -B output from gcc object
configure:5557: gcc -c -g -O2  conftest.c >&5
configure:5560: $? = 0
configure:5564: /usr/bin/nm -B conftest.o \| sed -n -e 's/^.*[	 ]\([ABCDGIRSTW][ABCDGIRSTW]*\)[	 ][	 ]*\([_A-Za-z][_A-Za-z0-9]*\)$/\1 \2 \2/p' \> conftest.nm
configure:5567: $? = 0
configure:5621: gcc -o conftest -g -O2   conftest.c conftstm.o >&5
configure:5624: $? = 0
configure:5662: result: ok
configure:5758: gcc -c -g -O2  conftest.c >&5
configure:5761: $? = 0
configure:6529: checking how to run the C preprocessor
configure:6569: gcc -E  conftest.c
configure:6576: $? = 0
configure:6607: gcc -E  conftest.c
conftest.c:10:28: error: ac_nonexistent.h: No such file or directory
configure:6614: $? = 1
configure: failed program was:
| /* confdefs.h.  */
| #define PACKAGE_NAME "libshare"
| #define PACKAGE_TARNAME "libshare"
| #define PACKAGE_VERSION "2.0.3"
| #define PACKAGE_STRING "libshare 2.0.3"
| #define PACKAGE_BUGREPORT "bburrell.brian@gmail.com"
| #define PACKAGE "libshare"
| #define VERSION "2.0.3"
| /* end confdefs.h.  */
| #include <ac_nonexistent.h>
configure:6647: result: gcc -E
configure:6676: gcc -E  conftest.c
configure:6683: $? = 0
configure:6714: gcc -E  conftest.c
conftest.c:10:28: error: ac_nonexistent.h: No such file or directory
configure:6721: $? = 1
configure: failed program was:
| /* confdefs.h.  */
| #define PACKAGE_NAME "libshare"
| #define PACKAGE_TARNAME "libshare"
| #define PACKAGE_VERSION "2.0.3"
| #define PACKAGE_STRING "libshare 2.0.3"
| #define PACKAGE_BUGREPORT "bburrell.brian@gmail.com"
| #define PACKAGE "libshare"
| #define VERSION "2.0.3"
| /* end confdefs.h.  */
| #include <ac_nonexistent.h>
configure:6761: checking for ANSI C header files
configure:6791: gcc -c -g -O2  conftest.c >&5
configure:6798: $? = 0
configure:6897: gcc -o conftest -g -O2   conftest.c  >&5
configure:6901: $? = 0
configure:6907: ./conftest
configure:6911: $? = 0
configure:6929: result: yes
configure:6953: checking for sys/types.h
configure:6974: gcc -c -g -O2  conftest.c >&5
configure:6981: $? = 0
configure:6998: result: yes
configure:6953: checking for sys/stat.h
configure:6974: gcc -c -g -O2  conftest.c >&5
configure:6981: $? = 0
configure:6998: result: yes
configure:6953: checking for stdlib.h
configure:6974: gcc -c -g -O2  conftest.c >&5
configure:6981: $? = 0
configure:6998: result: yes
configure:6953: checking for string.h
configure:6974: gcc -c -g -O2  conftest.c >&5
configure:6981: $? = 0
configure:6998: result: yes
configure:6953: checking for memory.h
configure:6974: gcc -c -g -O2  conftest.c >&5
configure:6981: $? = 0
configure:6998: result: yes
configure:6953: checking for strings.h
configure:6974: gcc -c -g -O2  conftest.c >&5
configure:6981: $? = 0
configure:6998: result: yes
configure:6953: checking for inttypes.h
configure:6974: gcc -c -g -O2  conftest.c >&5
configure:6981: $? = 0
configure:6998: result: yes
configure:6953: checking for stdint.h
configure:6974: gcc -c -g -O2  conftest.c >&5
configure:6981: $? = 0
configure:6998: result: yes
configure:6953: checking for unistd.h
configure:6974: gcc -c -g -O2  conftest.c >&5
configure:6981: $? = 0
configure:6998: result: yes
configure:7016: checking for dlfcn.h
configure:7037: gcc -c -g -O2  conftest.c >&5
configure:7044: $? = 0
configure:7061: result: yes
configure:7247: checking for objdir
configure:7262: result: .libs
configure:7554: checking if gcc supports -fno-rtti -fno-exceptions
configure:7572: gcc -c -g -O2  -fno-rtti -fno-exceptions conftest.c >&5
cc1: warning: command line option "-fno-rtti" is valid for C++/ObjC++ but not for C
configure:7576: $? = 0
configure:7589: result: no
configure:7609: checking for gcc option to produce PIC
configure:7881: result: -fPIC -DPIC
configure:7893: checking if gcc PIC flag -fPIC -DPIC works
configure:7911: gcc -c -g -O2  -fPIC -DPIC -DPIC conftest.c >&5
configure:7915: $? = 0
configure:7928: result: yes
configure:7952: checking if gcc static flag -static works
configure:7980: result: no
configure:7995: checking if gcc supports -c -o file.o
configure:8016: gcc -c -g -O2  -o out/conftest2.o conftest.c >&5
configure:8020: $? = 0
configure:8042: result: yes
configure:8050: checking if gcc supports -c -o file.o
configure:8097: result: yes
configure:8130: checking whether the gcc linker (/usr/bin/ld -m elf_x86_64) supports shared libraries
configure:9204: result: yes
configure:9241: checking whether -lc should be explicitly linked in
configure:9246: gcc -c -g -O2  conftest.c >&5
configure:9249: $? = 0
configure:9264: gcc -shared conftest.o  -v -Wl,-soname -Wl,conftest -o conftest 2\>\&1 \| /bin/grep  -lc  \>/dev/null 2\>\&1
configure:9267: $? = 0
configure:9279: result: no
configure:9443: checking dynamic linker characteristics
configure:9886: gcc -o conftest -g -O2   -Wl,-rpath -Wl,/foo conftest.c  >&5
configure:9893: $? = 0
configure:10129: result: GNU/Linux ld.so
configure:10231: checking how to hardcode library paths into programs
configure:10256: result: immediate
configure:11089: checking whether stripping libraries is possible
configure:11094: result: yes
configure:11129: checking if libtool supports shared libraries
configure:11131: result: yes
configure:11134: checking whether to build shared libraries
configure:11155: result: yes
configure:11158: checking whether to build static libraries
configure:11162: result: yes
configure:11202: checking for main in -lm
configure:11231: gcc -o conftest -g -O2   conftest.c -lm   >&5
configure:11238: $? = 0
configure:11259: result: yes
configure:11297: checking arpa/inet.h usability
configure:11314: gcc -c -g -O2  conftest.c >&5
configure:11321: $? = 0
configure:11335: result: yes
configure:11339: checking arpa/inet.h presence
configure:11354: gcc -E  conftest.c
configure:11361: $? = 0
configure:11375: result: yes
configure:11408: checking for arpa/inet.h
configure:11417: result: yes
configure:11297: checking fcntl.h usability
configure:11314: gcc -c -g -O2  conftest.c >&5
configure:11321: $? = 0
configure:11335: result: yes
configure:11339: checking fcntl.h presence
configure:11354: gcc -E  conftest.c
configure:11361: $? = 0
configure:11375: result: yes
configure:11408: checking for fcntl.h
configure:11417: result: yes
configure:11297: checking netdb.h usability
configure:11314: gcc -c -g -O2  conftest.c >&5
configure:11321: $? = 0
configure:11335: result: yes
configure:11339: checking netdb.h presence
configure:11354: gcc -E  conftest.c
configure:11361: $? = 0
configure:11375: result: yes
configure:11408: checking for netdb.h
configure:11417: result: yes
configure:11297: checking stddef.h usability
configure:11314: gcc -c -g -O2  conftest.c >&5
configure:11321: $? = 0
configure:11335: result: yes
configure:11339: checking stddef.h presence
configure:11354: gcc -E  conftest.c
configure:11361: $? = 0
configure:11375: result: yes
configure:11408: checking for stddef.h
configure:11417: result: yes
configure:11286: checking for stdint.h
configure:11293: result: yes
configure:11286: checking for stdlib.h
configure:11293: result: yes
configure:11286: checking for string.h
configure:11293: result: yes
configure:11297: checking sys/socket.h usability
configure:11314: gcc -c -g -O2  conftest.c >&5
configure:11321: $? = 0
configure:11335: result: yes
configure:11339: checking sys/socket.h presence
configure:11354: gcc -E  conftest.c
configure:11361: $? = 0
configure:11375: result: yes
configure:11408: checking for sys/socket.h
configure:11417: result: yes
configure:11297: checking sys/time.h usability
configure:11314: gcc -c -g -O2  conftest.c >&5
configure:11321: $? = 0
configure:11335: result: yes
configure:11339: checking sys/time.h presence
configure:11354: gcc -E  conftest.c
configure:11361: $? = 0
configure:11375: result: yes
configure:11408: checking for sys/time.h
configure:11417: result: yes
configure:11286: checking for unistd.h
configure:11293: result: yes
configure:11434: checking for stdbool.h that conforms to C99
configure:11529: gcc -c -g -O2  conftest.c >&5
configure:11536: $? = 0
configure:11551: result: yes
configure:11553: checking for _Bool
configure:11581: gcc -c -g -O2  conftest.c >&5
configure:11588: $? = 0
configure:11615: gcc -c -g -O2  conftest.c >&5
conftest.c: In function 'main':
conftest.c:69: error: expected expression before ')' token
configure:11622: $? = 1
configure: failed program was:
| /* confdefs.h.  */
| #define PACKAGE_NAME "libshare"
| #define PACKAGE_TARNAME "libshare"
| #define PACKAGE_VERSION "2.0.3"
| #define PACKAGE_STRING "libshare 2.0.3"
| #define PACKAGE_BUGREPORT "bburrell.brian@gmail.com"
| #define PACKAGE "libshare"
| #define VERSION "2.0.3"
| #define STDC_HEADERS 1
| #define HAVE_SYS_TYPES_H 1
| #define HAVE_SYS_STAT_H 1
| #define HAVE_STDLIB_H 1
| #define HAVE_STRING_H 1
| #define HAVE_MEMORY_H 1
| #define HAVE_STRINGS_H 1
| #define HAVE_INTTYPES_H 1
| #define HAVE_STDINT_H 1
| #define HAVE_UNISTD_H 1
| #define HAVE_DLFCN_H 1
| #define LT_OBJDIR ".libs/"
| #define HAVE_LIBM 1
| #define HAVE_ARPA_INET_H 1
| #define HAVE_FCNTL_H 1
| #define HAVE_NETDB_H 1
| #define HAVE_STDDEF_H 1
| #define HAVE_STDINT_H 1
| #define HAVE_STDLIB_H 1
| #define HAVE_STRING_H 1
| #define HAVE_SYS_SOCKET_H 1
| #define HAVE_SYS_TIME_H 1
| #define HAVE_UNISTD_H 1
| /* end confdefs.h.  */
| #include <stdio.h>
| #ifdef HAVE_SYS_TYPES_H
| # include <sys/types.h>
| #endif
| #ifdef HAVE_SYS_STAT_H
| # include <sys/stat.h>
| #endif
| #ifdef STDC_HEADERS
| # include <stdlib.h>
| # include <stddef.h>
| #else
| # ifdef HAVE_STDLIB_H
| #  include <stdlib.h>
| # endif
| #endif
| #ifdef HAVE_STRING_H
| # if !defined STDC_HEADERS && defined HAVE_MEMORY_H
| #  include <memory.h>
| # endif
| # include <string.h>
| #endif
| #ifdef HAVE_STRINGS_H
| # include <strings.h>
| #endif
| #ifdef HAVE_INTTYPES_H
| # include <inttypes.h>
| #endif
| #ifdef HAVE_STDINT_H
| # include <stdint.h>
| #endif
| #ifdef HAVE_UNISTD_H
| # include <unistd.h>
| #endif
| int
| main ()
| {
| if (sizeof ((_Bool)))
| 	  return 0;
|   ;
|   return 0;
| }
configure:11645: result: yes
configure:11664: checking for inline
configure:11690: gcc -c -g -O2  conftest.c >&5
configure:11697: $? = 0
configure:11715: result: inline
configure:11735: checking for int32_t
configure:11766: gcc -c -g -O2  conftest.c >&5
configure:11773: $? = 0
configure:11802: gcc -c -g -O2  conftest.c >&5
conftest.c: In function 'main':
conftest.c:72: warning: integer overflow in expression
conftest.c:72: error: size of array 'test_array' is negative
configure:11809: $? = 1
configure: failed program was:
| /* confdefs.h.  */
| #define PACKAGE_NAME "libshare"
| #define PACKAGE_TARNAME "libshare"
| #define PACKAGE_VERSION "2.0.3"
| #define PACKAGE_STRING "libshare 2.0.3"
| #define PACKAGE_BUGREPORT "bburrell.brian@gmail.com"
| #define PACKAGE "libshare"
| #define VERSION "2.0.3"
| #define STDC_HEADERS 1
| #define HAVE_SYS_TYPES_H 1
| #define HAVE_SYS_STAT_H 1
| #define HAVE_STDLIB_H 1
| #define HAVE_STRING_H 1
| #define HAVE_MEMORY_H 1
| #define HAVE_STRINGS_H 1
| #define HAVE_INTTYPES_H 1
| #define HAVE_STDINT_H 1
| #define HAVE_UNISTD_H 1
| #define HAVE_DLFCN_H 1
| #define LT_OBJDIR ".libs/"
| #define HAVE_LIBM 1
| #define HAVE_ARPA_INET_H 1
| #define HAVE_FCNTL_H 1
| #define HAVE_NETDB_H 1
| #define HAVE_STDDEF_H 1
| #define HAVE_STDINT_H 1
| #define HAVE_STDLIB_H 1
| #define HAVE_STRING_H 1
| #define HAVE_SYS_SOCKET_H 1
| #define HAVE_SYS_TIME_H 1
| #define HAVE_UNISTD_H 1
| #define HAVE__BOOL 1
| #define HAVE_STDBOOL_H 1
| /* end confdefs.h.  */
| #include <stdio.h>
| #ifdef HAVE_SYS_TYPES_H
| # include <sys/types.h>
| #endif
| #ifdef HAVE_SYS_STAT_H
| # include <sys/stat.h>
| #endif
| #ifdef STDC_HEADERS
| # include <stdlib.h>
| # include <stddef.h>
| #else
| # ifdef HAVE_STDLIB_H
| #  include <stdlib.h>
| # endif
| #endif
| #ifdef HAVE_STRING_H
| # if !defined STDC_HEADERS && defined HAVE_MEMORY_H
| #  include <memory.h>
| # endif
| # include <string.h>
| #endif
| #ifdef HAVE_STRINGS_H
| # include <strings.h>
| #endif
| #ifdef HAVE_INTTYPES_H
| # include <inttypes.h>
| #endif
| #ifdef HAVE_STDINT_H
| # include <stdint.h>
| #endif
| #ifdef HAVE_UNISTD_H
| # include <unistd.h>
| #endif
| int
| main ()
| {
| static int test_array [1 - 2 * !((int32_t) ((((int32_t) 1 << (32 - 2)) - 1) * 2 + 1)
| 		 < (int32_t) ((((int32_t) 1 << (32 - 2)) - 1) * 2 + 2))];
| test_array [0] = 0
| 
|   ;
|   return 0;
| }
configure:11838: result: yes
configure:11850: checking for off_t
configure:11878: gcc -c -g -O2  conftest.c >&5
configure:11885: $? = 0
configure:11912: gcc -c -g -O2  conftest.c >&5
conftest.c: In function 'main':
conftest.c:71: error: expected expression before ')' token
configure:11919: $? = 1
configure: failed program was:
| /* confdefs.h.  */
| #define PACKAGE_NAME "libshare"
| #define PACKAGE_TARNAME "libshare"
| #define PACKAGE_VERSION "2.0.3"
| #define PACKAGE_STRING "libshare 2.0.3"
| #define PACKAGE_BUGREPORT "bburrell.brian@gmail.com"
| #define PACKAGE "libshare"
| #define VERSION "2.0.3"
| #define STDC_HEADERS 1
| #define HAVE_SYS_TYPES_H 1
| #define HAVE_SYS_STAT_H 1
| #define HAVE_STDLIB_H 1
| #define HAVE_STRING_H 1
| #define HAVE_MEMORY_H 1
| #define HAVE_STRINGS_H 1
| #define HAVE_INTTYPES_H 1
| #define HAVE_STDINT_H 1
| #define HAVE_UNISTD_H 1
| #define HAVE_DLFCN_H 1
| #define LT_OBJDIR ".libs/"
| #define HAVE_LIBM 1
| #define HAVE_ARPA_INET_H 1
| #define HAVE_FCNTL_H 1
| #define HAVE_NETDB_H 1
| #define HAVE_STDDEF_H 1
| #define HAVE_STDINT_H 1
| #define HAVE_STDLIB_H 1
| #define HAVE_STRING_H 1
| #define HAVE_SYS_SOCKET_H 1
| #define HAVE_SYS_TIME_H 1
| #define HAVE_UNISTD_H 1
| #define HAVE__BOOL 1
| #define HAVE_STDBOOL_H 1
| /* end confdefs.h.  */
| #include <stdio.h>
| #ifdef HAVE_SYS_TYPES_H
| # include <sys/types.h>
| #endif
| #ifdef HAVE_SYS_STAT_H
| # include <sys/stat.h>
| #endif
| #ifdef STDC_HEADERS
| # include <stdlib.h>
| # include <stddef.h>
| #else
| # ifdef HAVE_STDLIB_H
| #  include <stdlib.h>
| # endif
| #endif
| #ifdef HAVE_STRING_H
| # if !defined STDC_HEADERS && defined HAVE_MEMORY_H
| #  include <memory.h>
| # endif
| # include <string.h>
| #endif
| #ifdef HAVE_STRINGS_H
| # include <strings.h>
| #endif
| #ifdef HAVE_INTTYPES_H
| # include <inttypes.h>
| #endif
| #ifdef HAVE_STDINT_H
| # include <stdint.h>
| #endif
| #ifdef HAVE_UNISTD_H
| # include <unistd.h>
| #endif
| int
| main ()
| {
| if (sizeof ((off_t)))
| 	  return 0;
|   ;
|   return 0;
| }
configure:11942: result: yes
configure:11954: checking for pid_t
configure:11982: gcc -c -g -O2  conftest.c >&5
configure:11989: $? = 0
configure:12016: gcc -c -g -O2  conftest.c >&5
conftest.c: In function 'main':
conftest.c:71: error: expected expression before ')' token
configure:12023: $? = 1
configure: failed program was:
| /* confdefs.h.  */
| #define PACKAGE_NAME "libshare"
| #define PACKAGE_TARNAME "libshare"
| #define PACKAGE_VERSION "2.0.3"
| #define PACKAGE_STRING "libshare 2.0.3"
| #define PACKAGE_BUGREPORT "bburrell.brian@gmail.com"
| #define PACKAGE "libshare"
| #define VERSION "2.0.3"
| #define STDC_HEADERS 1
| #define HAVE_SYS_TYPES_H 1
| #define HAVE_SYS_STAT_H 1
| #define HAVE_STDLIB_H 1
| #define HAVE_STRING_H 1
| #define HAVE_MEMORY_H 1
| #define HAVE_STRINGS_H 1
| #define HAVE_INTTYPES_H 1
| #define HAVE_STDINT_H 1
| #define HAVE_UNISTD_H 1
| #define HAVE_DLFCN_H 1
| #define LT_OBJDIR ".libs/"
| #define HAVE_LIBM 1
| #define HAVE_ARPA_INET_H 1
| #define HAVE_FCNTL_H 1
| #define HAVE_NETDB_H 1
| #define HAVE_STDDEF_H 1
| #define HAVE_STDINT_H 1
| #define HAVE_STDLIB_H 1
| #define HAVE_STRING_H 1
| #define HAVE_SYS_SOCKET_H 1
| #define HAVE_SYS_TIME_H 1
| #define HAVE_UNISTD_H 1
| #define HAVE__BOOL 1
| #define HAVE_STDBOOL_H 1
| /* end confdefs.h.  */
| #include <stdio.h>
| #ifdef HAVE_SYS_TYPES_H
| # include <sys/types.h>
| #endif
| #ifdef HAVE_SYS_STAT_H
| # include <sys/stat.h>
| #endif
| #ifdef STDC_HEADERS
| # include <stdlib.h>
| # include <stddef.h>
| #else
| # ifdef HAVE_STDLIB_H
| #  include <stdlib.h>
| # endif
| #endif
| #ifdef HAVE_STRING_H
| # if !defined STDC_HEADERS && defined HAVE_MEMORY_H
| #  include <memory.h>
| # endif
| # include <string.h>
| #endif
| #ifdef HAVE_STRINGS_H
| # include <strings.h>
| #endif
| #ifdef HAVE_INTTYPES_H
| # include <inttypes.h>
| #endif
| #ifdef HAVE_STDINT_H
| # include <stdint.h>
| #endif
| #ifdef HAVE_UNISTD_H
| # include <unistd.h>
| #endif
| int
| main ()
| {
| if (sizeof ((pid_t)))
| 	  return 0;
|   ;
|   return 0;
| }
configure:12046: result: yes
configure:12058: checking for size_t
configure:12086: gcc -c -g -O2  conftest.c >&5
configure:12093: $? = 0
configure:12120: gcc -c -g -O2  conftest.c >&5
conftest.c: In function 'main':
conftest.c:71: error: expected expression before ')' token
configure:12127: $? = 1
configure: failed program was:
| /* confdefs.h.  */
| #define PACKAGE_NAME "libshare"
| #define PACKAGE_TARNAME "libshare"
| #define PACKAGE_VERSION "2.0.3"
| #define PACKAGE_STRING "libshare 2.0.3"
| #define PACKAGE_BUGREPORT "bburrell.brian@gmail.com"
| #define PACKAGE "libshare"
| #define VERSION "2.0.3"
| #define STDC_HEADERS 1
| #define HAVE_SYS_TYPES_H 1
| #define HAVE_SYS_STAT_H 1
| #define HAVE_STDLIB_H 1
| #define HAVE_STRING_H 1
| #define HAVE_MEMORY_H 1
| #define HAVE_STRINGS_H 1
| #define HAVE_INTTYPES_H 1
| #define HAVE_STDINT_H 1
| #define HAVE_UNISTD_H 1
| #define HAVE_DLFCN_H 1
| #define LT_OBJDIR ".libs/"
| #define HAVE_LIBM 1
| #define HAVE_ARPA_INET_H 1
| #define HAVE_FCNTL_H 1
| #define HAVE_NETDB_H 1
| #define HAVE_STDDEF_H 1
| #define HAVE_STDINT_H 1
| #define HAVE_STDLIB_H 1
| #define HAVE_STRING_H 1
| #define HAVE_SYS_SOCKET_H 1
| #define HAVE_SYS_TIME_H 1
| #define HAVE_UNISTD_H 1
| #define HAVE__BOOL 1
| #define HAVE_STDBOOL_H 1
| /* end confdefs.h.  */
| #include <stdio.h>
| #ifdef HAVE_SYS_TYPES_H
| # include <sys/types.h>
| #endif
| #ifdef HAVE_SYS_STAT_H
| # include <sys/stat.h>
| #endif
| #ifdef STDC_HEADERS
| # include <stdlib.h>
| # include <stddef.h>
| #else
| # ifdef HAVE_STDLIB_H
| #  include <stdlib.h>
| # endif
| #endif
| #ifdef HAVE_STRING_H
| # if !defined STDC_HEADERS && defined HAVE_MEMORY_H
| #  include <memory.h>
| # endif
| # include <string.h>
| #endif
| #ifdef HAVE_STRINGS_H
| # include <strings.h>
| #endif
| #ifdef HAVE_INTTYPES_H
| # include <inttypes.h>
| #endif
| #ifdef HAVE_STDINT_H
| # include <stdint.h>
| #endif
| #ifdef HAVE_UNISTD_H
| # include <unistd.h>
| #endif
| int
| main ()
| {
| if (sizeof ((size_t)))
| 	  return 0;
|   ;
|   return 0;
| }
configure:12150: result: yes
configure:12162: checking for ssize_t
configure:12190: gcc -c -g -O2  conftest.c >&5
configure:12197: $? = 0
configure:12224: gcc -c -g -O2  conftest.c >&5
conftest.c: In function 'main':
conftest.c:71: error: expected expression before ')' token
configure:12231: $? = 1
configure: failed program was:
| /* confdefs.h.  */
| #define PACKAGE_NAME "libshare"
| #define PACKAGE_TARNAME "libshare"
| #define PACKAGE_VERSION "2.0.3"
| #define PACKAGE_STRING "libshare 2.0.3"
| #define PACKAGE_BUGREPORT "bburrell.brian@gmail.com"
| #define PACKAGE "libshare"
| #define VERSION "2.0.3"
| #define STDC_HEADERS 1
| #define HAVE_SYS_TYPES_H 1
| #define HAVE_SYS_STAT_H 1
| #define HAVE_STDLIB_H 1
| #define HAVE_STRING_H 1
| #define HAVE_MEMORY_H 1
| #define HAVE_STRINGS_H 1
| #define HAVE_INTTYPES_H 1
| #define HAVE_STDINT_H 1
| #define HAVE_UNISTD_H 1
| #define HAVE_DLFCN_H 1
| #define LT_OBJDIR ".libs/"
| #define HAVE_LIBM 1
| #define HAVE_ARPA_INET_H 1
| #define HAVE_FCNTL_H 1
| #define HAVE_NETDB_H 1
| #define HAVE_STDDEF_H 1
| #define HAVE_STDINT_H 1
| #define HAVE_STDLIB_H 1
| #define HAVE_STRING_H 1
| #define HAVE_SYS_SOCKET_H 1
| #define HAVE_SYS_TIME_H 1
| #define HAVE_UNISTD_H 1
| #define HAVE__BOOL 1
| #define HAVE_STDBOOL_H 1
| /* end confdefs.h.  */
| #include <stdio.h>
| #ifdef HAVE_SYS_TYPES_H
| # include <sys/types.h>
| #endif
| #ifdef HAVE_SYS_STAT_H
| # include <sys/stat.h>
| #endif
| #ifdef STDC_HEADERS
| # include <stdlib.h>
| # include <stddef.h>
| #else
| # ifdef HAVE_STDLIB_H
| #  include <stdlib.h>
| # endif
| #endif
| #ifdef HAVE_STRING_H
| # if !defined STDC_HEADERS && defined HAVE_MEMORY_H
| #  include <memory.h>
| # endif
| # include <string.h>
| #endif
| #ifdef HAVE_STRINGS_H
| # include <strings.h>
| #endif
| #ifdef HAVE_INTTYPES_H
| # include <inttypes.h>
| #endif
| #ifdef HAVE_STDINT_H
| # include <stdint.h>
| #endif
| #ifdef HAVE_UNISTD_H
| # include <unistd.h>
| #endif
| int
| main ()
| {
| if (sizeof ((ssize_t)))
| 	  return 0;
|   ;
|   return 0;
| }
configure:12254: result: yes
configure:12267: checking for uint16_t
configure:12298: gcc -c -g -O2  conftest.c >&5
configure:12305: $? = 0
configure:12326: result: yes
configure:12340: checking for uint32_t
configure:12371: gcc -c -g -O2  conftest.c >&5
configure:12378: $? = 0
configure:12399: result: yes
configure:12417: checking for uint64_t
configure:12448: gcc -c -g -O2  conftest.c >&5
configure:12455: $? = 0
configure:12476: result: yes
configure:12494: checking for uint8_t
configure:12525: gcc -c -g -O2  conftest.c >&5
configure:12532: $? = 0
configure:12553: result: yes
configure:12570: checking for ptrdiff_t
configure:12598: gcc -c -g -O2  conftest.c >&5
configure:12605: $? = 0
configure:12632: gcc -c -g -O2  conftest.c >&5
conftest.c: In function 'main':
conftest.c:71: error: expected expression before ')' token
configure:12639: $? = 1
configure: failed program was:
| /* confdefs.h.  */
| #define PACKAGE_NAME "libshare"
| #define PACKAGE_TARNAME "libshare"
| #define PACKAGE_VERSION "2.0.3"
| #define PACKAGE_STRING "libshare 2.0.3"
| #define PACKAGE_BUGREPORT "bburrell.brian@gmail.com"
| #define PACKAGE "libshare"
| #define VERSION "2.0.3"
| #define STDC_HEADERS 1
| #define HAVE_SYS_TYPES_H 1
| #define HAVE_SYS_STAT_H 1
| #define HAVE_STDLIB_H 1
| #define HAVE_STRING_H 1
| #define HAVE_MEMORY_H 1
| #define HAVE_STRINGS_H 1
| #define HAVE_INTTYPES_H 1
| #define HAVE_STDINT_H 1
| #define HAVE_UNISTD_H 1
| #define HAVE_DLFCN_H 1
| #define LT_OBJDIR ".libs/"
| #define HAVE_LIBM 1
| #define HAVE_ARPA_INET_H 1
| #define HAVE_FCNTL_H 1
| #define HAVE_NETDB_H 1
| #define HAVE_STDDEF_H 1
| #define HAVE_STDINT_H 1
| #define HAVE_STDLIB_H 1
| #define HAVE_STRING_H 1
| #define HAVE_SYS_SOCKET_H 1
| #define HAVE_SYS_TIME_H 1
| #define HAVE_UNISTD_H 1
| #define HAVE__BOOL 1
| #define HAVE_STDBOOL_H 1
| /* end confdefs.h.  */
| #include <stdio.h>
| #ifdef HAVE_SYS_TYPES_H
| # include <sys/types.h>
| #endif
| #ifdef HAVE_SYS_STAT_H
| # include <sys/stat.h>
| #endif
| #ifdef STDC_HEADERS
| # include <stdlib.h>
| # include <stddef.h>
| #else
| # ifdef HAVE_STDLIB_H
| #  include <stdlib.h>
| # endif
| #endif
| #ifdef HAVE_STRING_H
| # if !defined STDC_HEADERS && defined HAVE_MEMORY_H
| #  include <memory.h>
| # endif
| # include <string.h>
| #endif
| #ifdef HAVE_STRINGS_H
| # include <strings.h>
| #endif
| #ifdef HAVE_INTTYPES_H
| # include <inttypes.h>
| #endif
| #ifdef HAVE_STDINT_H
| # include <stdint.h>
| #endif
| #ifdef HAVE_UNISTD_H
| # include <unistd.h>
| #endif
| int
| main ()
| {
| if (sizeof ((ptrdiff_t)))
| 	  return 0;
|   ;
|   return 0;
| }
configure:12662: result: yes
configure:12691: checking vfork.h usability
configure:12708: gcc -c -g -O2  conftest.c >&5
conftest.c:69:19: error: vfork.h: No such file or directory
configure:12715: $? = 1
configure: failed program was:
| /* confdefs.h.  */
| #define PACKAGE_NAME "libshare"
| #define PACKAGE_TARNAME "libshare"
| #define PACKAGE_VERSION "2.0.3"
| #define PACKAGE_STRING "libshare 2.0.3"
| #define PACKAGE_BUGREPORT "bburrell.brian@gmail.com"
| #define PACKAGE "libshare"
| #define VERSION "2.0.3"
| #define STDC_HEADERS 1
| #define HAVE_SYS_TYPES_H 1
| #define HAVE_SYS_STAT_H 1
| #define HAVE_STDLIB_H 1
| #define HAVE_STRING_H 1
| #define HAVE_MEMORY_H 1
| #define HAVE_STRINGS_H 1
| #define HAVE_INTTYPES_H 1
| #define HAVE_STDINT_H 1
| #define HAVE_UNISTD_H 1
| #define HAVE_DLFCN_H 1
| #define LT_OBJDIR ".libs/"
| #define HAVE_LIBM 1
| #define HAVE_ARPA_INET_H 1
| #define HAVE_FCNTL_H 1
| #define HAVE_NETDB_H 1
| #define HAVE_STDDEF_H 1
| #define HAVE_STDINT_H 1
| #define HAVE_STDLIB_H 1
| #define HAVE_STRING_H 1
| #define HAVE_SYS_SOCKET_H 1
| #define HAVE_SYS_TIME_H 1
| #define HAVE_UNISTD_H 1
| #define HAVE__BOOL 1
| #define HAVE_STDBOOL_H 1
| #define HAVE_PTRDIFF_T 1
| /* end confdefs.h.  */
| #include <stdio.h>
| #ifdef HAVE_SYS_TYPES_H
| # include <sys/types.h>
| #endif
| #ifdef HAVE_SYS_STAT_H
| # include <sys/stat.h>
| #endif
| #ifdef STDC_HEADERS
| # include <stdlib.h>
| # include <stddef.h>
| #else
| # ifdef HAVE_STDLIB_H
| #  include <stdlib.h>
| # endif
| #endif
| #ifdef HAVE_STRING_H
| # if !defined STDC_HEADERS && defined HAVE_MEMORY_H
| #  include <memory.h>
| # endif
| # include <string.h>
| #endif
| #ifdef HAVE_STRINGS_H
| # include <strings.h>
| #endif
| #ifdef HAVE_INTTYPES_H
| # include <inttypes.h>
| #endif
| #ifdef HAVE_STDINT_H
| # include <stdint.h>
| #endif
| #ifdef HAVE_UNISTD_H
| # include <unistd.h>
| #endif
| #include <vfork.h>
configure:12729: result: no
configure:12733: checking vfork.h presence
configure:12748: gcc -E  conftest.c
conftest.c:36:19: error: vfork.h: No such file or directory
configure:12755: $? = 1
configure: failed program was:
| /* confdefs.h.  */
| #define PACKAGE_NAME "libshare"
| #define PACKAGE_TARNAME "libshare"
| #define PACKAGE_VERSION "2.0.3"
| #define PACKAGE_STRING "libshare 2.0.3"
| #define PACKAGE_BUGREPORT "bburrell.brian@gmail.com"
| #define PACKAGE "libshare"
| #define VERSION "2.0.3"
| #define STDC_HEADERS 1
| #define HAVE_SYS_TYPES_H 1
| #define HAVE_SYS_STAT_H 1
| #define HAVE_STDLIB_H 1
| #define HAVE_STRING_H 1
| #define HAVE_MEMORY_H 1
| #define HAVE_STRINGS_H 1
| #define HAVE_INTTYPES_H 1
| #define HAVE_STDINT_H 1
| #define HAVE_UNISTD_H 1
| #define HAVE_DLFCN_H 1
| #define LT_OBJDIR ".libs/"
| #define HAVE_LIBM 1
| #define HAVE_ARPA_INET_H 1
| #define HAVE_FCNTL_H 1
| #define HAVE_NETDB_H 1
| #define HAVE_STDDEF_H 1
| #define HAVE_STDINT_H 1
| #define HAVE_STDLIB_H 1
| #define HAVE_STRING_H 1
| #define HAVE_SYS_SOCKET_H 1
| #define HAVE_SYS_TIME_H 1
| #define HAVE_UNISTD_H 1
| #define HAVE__BOOL 1
| #define HAVE_STDBOOL_H 1
| #define HAVE_PTRDIFF_T 1
| /* end confdefs.h.  */
| #include <vfork.h>
configure:12769: result: no
configure:12802: checking for vfork.h
configure:12811: result: no
configure:12831: checking for fork
configure:12887: gcc -o conftest -g -O2   conftest.c -lm  >&5
conftest.c:59: warning: conflicting types for built-in function 'fork'
configure:12894: $? = 0
configure:12916: result: yes
configure:12831: checking for vfork
configure:12887: gcc -o conftest -g -O2   conftest.c -lm  >&5
configure:12894: $? = 0
configure:12916: result: yes
configure:12929: checking for working fork
configure:12961: gcc -o conftest -g -O2   conftest.c -lm  >&5
configure:12965: $? = 0
configure:12971: ./conftest
configure:12975: $? = 0
configure:12992: result: yes
configure:13013: checking for working vfork
configure:13154: result: yes
configure:13190: checking for stdlib.h
configure:13197: result: yes
configure:13336: checking for GNU libc compatible malloc
configure:13370: gcc -o conftest -g -O2   conftest.c -lm  >&5
configure:13374: $? = 0
configure:13380: ./conftest
configure:13384: $? = 0
configure:13401: result: yes
configure:13434: checking for stdlib.h
configure:13441: result: yes
configure:13580: checking for GNU libc compatible realloc
configure:13614: gcc -o conftest -g -O2   conftest.c -lm  >&5
configure:13618: $? = 0
configure:13624: ./conftest
configure:13628: $? = 0
configure:13645: result: yes
configure:13689: checking for dup2
configure:13745: gcc -o conftest -g -O2   conftest.c -lm  >&5
configure:13752: $? = 0
configure:13774: result: yes
configure:13689: checking for getcwd
configure:13745: gcc -o conftest -g -O2   conftest.c -lm  >&5
configure:13752: $? = 0
configure:13774: result: yes
configure:13689: checking for gethostbyname
configure:13745: gcc -o conftest -g -O2   conftest.c -lm  >&5
configure:13752: $? = 0
configure:13774: result: yes
configure:13689: checking for gettimeofday
configure:13745: gcc -o conftest -g -O2   conftest.c -lm  >&5
configure:13752: $? = 0
configure:13774: result: yes
configure:13689: checking for memmove
configure:13745: gcc -o conftest -g -O2   conftest.c -lm  >&5
conftest.c:71: warning: conflicting types for built-in function 'memmove'
configure:13752: $? = 0
configure:13774: result: yes
configure:13689: checking for memset
configure:13745: gcc -o conftest -g -O2   conftest.c -lm  >&5
conftest.c:72: warning: conflicting types for built-in function 'memset'
configure:13752: $? = 0
configure:13774: result: yes
configure:13689: checking for mkdir
configure:13745: gcc -o conftest -g -O2   conftest.c -lm  >&5
configure:13752: $? = 0
configure:13774: result: yes
configure:13689: checking for socket
configure:13745: gcc -o conftest -g -O2   conftest.c -lm  >&5
configure:13752: $? = 0
configure:13774: result: yes
configure:13689: checking for strchr
configure:13745: gcc -o conftest -g -O2   conftest.c -lm  >&5
conftest.c:75: warning: conflicting types for built-in function 'strchr'
configure:13752: $? = 0
configure:13774: result: yes
configure:13689: checking for strdup
configure:13745: gcc -o conftest -g -O2   conftest.c -lm  >&5
conftest.c:76: warning: conflicting types for built-in function 'strdup'
configure:13752: $? = 0
configure:13774: result: yes
configure:13689: checking for strerror
configure:13745: gcc -o conftest -g -O2   conftest.c -lm  >&5
configure:13752: $? = 0
configure:13774: result: yes
configure:13689: checking for strrchr
configure:13745: gcc -o conftest -g -O2   conftest.c -lm  >&5
conftest.c:78: warning: conflicting types for built-in function 'strrchr'
configure:13752: $? = 0
configure:13774: result: yes
configure:13689: checking for strtol
configure:13745: gcc -o conftest -g -O2   conftest.c -lm  >&5
configure:13752: $? = 0
configure:13774: result: yes
configure:13791: checking for doxygen
configure:13807: found /usr/bin/doxygen
configure:13818: result: doxygen
configure:14010: creating ./config.status

## ---------------------- ##
## Running config.status. ##
## ---------------------- ##

This file was extended by libshare config.status 2.0.3, which was
generated by GNU Autoconf 2.63.  Invocation command line was

  CONFIG_FILES    = 
  CONFIG_HEADERS  = 
  CONFIG_LINKS    = 
  CONFIG_COMMANDS = 
  $ ./config.status 

on srue

config.status:1029: creating doc/doxygen.conf
config.status:1029: creating Makefile
config.status:1029: creating src/share-lib/Makefile
config.status:1029: creating src/share-util/Makefile
config.status:1029: creating scripts/Makefile
config.status:1029: creating doc/Makefile
config.status:1029: creating config.h
config.status:1244: config.h is unchanged
config.status:1029: creating src/share-lib/share.h
config.status:1244: src/share-lib/share.h is unchanged
config.status:1296: executing depfiles commands
config.status:1296: executing libtool commands

## ---------------- ##
## Cache variables. ##
## ---------------- ##

ac_cv_build=x86_64-unknown-linux-gnu
ac_cv_c_compiler_gnu=yes
ac_cv_c_inline=inline
ac_cv_c_int32_t=yes
ac_cv_c_uint16_t=yes
ac_cv_c_uint32_t=yes
ac_cv_c_uint64_t=yes
ac_cv_c_uint8_t=yes
ac_cv_env_CC_set=
ac_cv_env_CC_value=
ac_cv_env_CFLAGS_set=
ac_cv_env_CFLAGS_value=
ac_cv_env_CPPFLAGS_set=
ac_cv_env_CPPFLAGS_value=
ac_cv_env_CPP_set=
ac_cv_env_CPP_value=
ac_cv_env_LDFLAGS_set=
ac_cv_env_LDFLAGS_value=
ac_cv_env_LIBS_set=
ac_cv_env_LIBS_value=
ac_cv_env_build_alias_set=
ac_cv_env_build_alias_value=
ac_cv_env_host_alias_set=
ac_cv_env_host_alias_value=
ac_cv_env_target_alias_set=
ac_cv_env_target_alias_value=
ac_cv_func_dup2=yes
ac_cv_func_fork=yes
ac_cv_func_fork_works=yes
ac_cv_func_getcwd=yes
ac_cv_func_gethostbyname=yes
ac_cv_func_gettimeofday=yes
ac_cv_func_malloc_0_nonnull=yes
ac_cv_func_memmove=yes
ac_cv_func_memset=yes
ac_cv_func_mkdir=yes
ac_cv_func_realloc_0_nonnull=yes
ac_cv_func_socket=yes
ac_cv_func_strchr=yes
ac_cv_func_strdup=yes
ac_cv_func_strerror=yes
ac_cv_func_strrchr=yes
ac_cv_func_strtol=yes
ac_cv_func_vfork=yes
ac_cv_func_vfork_works=yes
ac_cv_header_arpa_inet_h=yes
ac_cv_header_dlfcn_h=yes
ac_cv_header_fcntl_h=yes
ac_cv_header_inttypes_h=yes
ac_cv_header_memory_h=yes
ac_cv_header_netdb_h=yes
ac_cv_header_stdbool_h=yes
ac_cv_header_stdc=yes
ac_cv_header_stddef_h=yes
ac_cv_header_stdint_h=yes
ac_cv_header_stdlib_h=yes
ac_cv_header_string_h=yes
ac_cv_header_strings_h=yes
ac_cv_header_sys_socket_h=yes
ac_cv_header_sys_stat_h=yes
ac_cv_header_sys_time_h=yes
ac_cv_header_sys_types_h=yes
ac_cv_header_unistd_h=yes
ac_cv_header_vfork_h=no
ac_cv_host=x86_64-unknown-linux-gnu
ac_cv_lib_m_main=yes
ac_cv_objext=o
ac_cv_path_EGREP='/bin/grep -E'
ac_cv_path_FGREP='/bin/grep -F'
ac_cv_path_GREP=/bin/grep
ac_cv_path_SED=/bin/sed
ac_cv_path_install='/usr/bin/install -c'
ac_cv_path_mkdir=/bin/mkdir
ac_cv_prog_AWK=gawk
ac_cv_prog_CPP='gcc -E'
ac_cv_prog_DOXYGEN=doxygen
ac_cv_prog_ac_ct_AR=ar
ac_cv_prog_ac_ct_CC=gcc
ac_cv_prog_ac_ct_OBJDUMP=objdump
ac_cv_prog_ac_ct_RANLIB=ranlib
ac_cv_prog_ac_ct_STRIP=strip
ac_cv_prog_cc_c89=
ac_cv_prog_cc_g=yes
ac_cv_prog_make_make_set=yes
ac_cv_type__Bool=yes
ac_cv_type_off_t=yes
ac_cv_type_pid_t=yes
ac_cv_type_ptrdiff_t=yes
ac_cv_type_size_t=yes
ac_cv_type_ssize_t=yes
am_cv_CC_dependencies_compiler_type=gcc3
lt_cv_deplibs_check_method=pass_all
lt_cv_file_magic_cmd='$MAGIC_CMD'
lt_cv_file_magic_test_file=
lt_cv_ld_reload_flag=-r
lt_cv_nm_interface='BSD nm'
lt_cv_objdir=.libs
lt_cv_path_LD=/usr/bin/ld
lt_cv_path_NM='/usr/bin/nm -B'
lt_cv_prog_compiler_c_o=yes
lt_cv_prog_compiler_pic_works=yes
lt_cv_prog_compiler_rtti_exceptions=no
lt_cv_prog_compiler_static_works=no
lt_cv_prog_gnu_ld=yes
lt_cv_sys_global_symbol_pipe='sed -n -e '\''s/^.*[	 ]\([ABCDGIRSTW][ABCDGIRSTW]*\)[	 ][	 ]*\([_A-Za-z][_A-Za-z0-9]*\)$/\1 \2 \2/p'\'''
lt_cv_sys_global_symbol_to_c_name_address='sed -n -e '\''s/^: \([^ ]*\) $/  {\"\1\", (void *) 0},/p'\'' -e '\''s/^[ABCDGIRSTW]* \([^ ]*\) \([^ ]*\)$/  {"\2", (void *) \&\2},/p'\'''
lt_cv_sys_global_symbol_to_c_name_address_lib_prefix='sed -n -e '\''s/^: \([^ ]*\) $/  {\"\1\", (void *) 0},/p'\'' -e '\''s/^[ABCDGIRSTW]* \([^ ]*\) \(lib[^ ]*\)$/  {"\2", (void *) \&\2},/p'\'' -e '\''s/^[ABCDGIRSTW]* \([^ ]*\) \([^ ]*\)$/  {"lib\2", (void *) \&\2},/p'\'''
lt_cv_sys_global_symbol_to_cdecl='sed -n -e '\''s/^T .* \(.*\)$/extern int \1();/p'\'' -e '\''s/^[ABCDGIRSTW]* .* \(.*\)$/extern char \1;/p'\'''
lt_cv_sys_max_cmd_len=1966080

## ----------------- ##
## Output variables. ##
## ----------------- ##

ACLOCAL='${SHELL} /h/src/sharelib/missing --run aclocal-1.11'
AMDEPBACKSLASH='\'
AMDEP_FALSE='#'
AMDEP_TRUE=''
AMTAR='${SHELL} /h/src/sharelib/missing --run tar'
AR='ar'
AUTOCONF='${SHELL} /h/src/sharelib/missing --run autoconf'
AUTOHEADER='${SHELL} /h/src/sharelib/missing --run autoheader'
AUTOMAKE='${SHELL} /h/src/sharelib/missing --run automake-1.11'
AWK='gawk'
CC='gcc'
CCDEPMODE='depmode=gcc3'
CFLAGS='-g -O2'
CPP='gcc -E'
CPPFLAGS=''
CYGPATH_W='echo'
DEBUG_FALSE='#'
DEBUG_TRUE=''
DEFS='-DHAVE_CONFIG_H'
DEPDIR='.deps'
DOXYGEN='doxygen'
DSYMUTIL=''
DUMPBIN=''
ECHO_C=''
ECHO_N='-n'
ECHO_T=''
EGREP='/bin/grep -E'
EXEEXT=''
FGREP='/bin/grep -F'
GREP='/bin/grep'
HAVE_DOXYGEN_FALSE='#'
HAVE_DOXYGEN_TRUE=''
INSTALL_DATA='${INSTALL} -m 644'
INSTALL_PROGRAM='${INSTALL}'
INSTALL_SCRIPT='${INSTALL}'
INSTALL_STRIP_PROGRAM='$(install_sh) -c -s'
LD='/usr/bin/ld -m elf_x86_64'
LDFLAGS=''
LIBOBJS=''
LIBS='-lm '
LIBTOOL='$(SHELL) $(top_builddir)/libtool'
LIPO=''
LN_S='ln -s'
LTLIBOBJS=''
MAKEINFO='${SHELL} /h/src/sharelib/missing --run makeinfo'
MKDIR_P='/bin/mkdir -p'
NM='/usr/bin/nm -B'
NMEDIT=''
OBJDUMP='objdump'
OBJEXT='o'
OTOOL64=''
OTOOL=''
PACKAGE='libshare'
PACKAGE_BUGREPORT='bburrell.brian@gmail.com'
PACKAGE_NAME='libshare'
PACKAGE_STRING='libshare 2.0.3'
PACKAGE_TARNAME='libshare'
PACKAGE_VERSION='2.0.3'
PATH_SEPARATOR=':'
RANLIB='ranlib'
SED='/bin/sed'
SET_MAKE=''
SHELL='/bin/sh'
STRIP='strip'
VERSION='2.0.3'
ac_ct_CC='gcc'
ac_ct_DUMPBIN=''
am__EXEEXT_FALSE=''
am__EXEEXT_TRUE='#'
am__fastdepCC_FALSE='#'
am__fastdepCC_TRUE=''
am__include='include'
am__isrc=' -I$(srcdir)'
am__leading_dot='.'
am__quote=''
am__tar='${AMTAR} chof - "$$tardir"'
am__untar='${AMTAR} xf -'
bindir='${exec_prefix}/bin'
build='x86_64-unknown-linux-gnu'
build_alias=''
build_cpu='x86_64'
build_os='linux-gnu'
build_vendor='unknown'
datadir='${datarootdir}'
datarootdir='${prefix}/share'
docdir='${datarootdir}/doc/${PACKAGE_TARNAME}'
dvidir='${docdir}'
exec_prefix='${prefix}'
host='x86_64-unknown-linux-gnu'
host_alias=''
host_cpu='x86_64'
host_os='linux-gnu'
host_vendor='unknown'
htmldir='${docdir}'
includedir='${prefix}/include'
infodir='${datarootdir}/info'
install_sh='${SHELL} /h/src/sharelib/install-sh'
libdir='${exec_prefix}/lib'
libexecdir='${exec_prefix}/libexec'
localedir='${datarootdir}/locale'
localstatedir='${prefix}/var'
lt_ECHO='echo'
mandir='${datarootdir}/man'
mkdir_p='/bin/mkdir -p'
oldincludedir='/usr/include'
pdfdir='${docdir}'
prefix='/usr/local'
program_transform_name='s,x,x,'
psdir='${docdir}'
sbindir='${exec_prefix}/sbin'
sharedstatedir='${prefix}/com'
sysconfdir='${prefix}/etc'
target_alias=''

## ----------- ##
## confdefs.h. ##
## ----------- ##

#define PACKAGE_NAME "libshare"
#define PACKAGE_TARNAME "libshare"
#define PACKAGE_VERSION "2.0.3"
#define PACKAGE_STRING "libshare 2.0.3"
#define PACKAGE_BUGREPORT "bburrell.brian@gmail.com"
#define PACKAGE "libshare"
#define VERSION "2.0.3"
#define STDC_HEADERS 1
#define HAVE_SYS_TYPES_H 1
#define HAVE_SYS_STAT_H 1
#define HAVE_STDLIB_H 1
#define HAVE_STRING_H 1
#define HAVE_MEMORY_H 1
#define HAVE_STRINGS_H 1
#define HAVE_INTTYPES_H 1
#define HAVE_STDINT_H 1
#define HAVE_UNISTD_H 1
#define HAVE_DLFCN_H 1
#define LT_OBJDIR ".libs/"
#define HAVE_LIBM 1
#define HAVE_ARPA_INET_H 1
#define HAVE_FCNTL_H 1
#define HAVE_NETDB_H 1
#define HAVE_STDDEF_H 1
#define HAVE_STDINT_H 1
#define HAVE_STDLIB_H 1
#define HAVE_STRING_H 1
#define HAVE_SYS_SOCKET_H 1
#define HAVE_SYS_TIME_H 1
#define HAVE_UNISTD_H 1
#define HAVE__BOOL 1
#define HAVE_STDBOOL_H 1
#define HAVE_PTRDIFF_T 1
#define HAVE_FORK 1
#define HAVE_VFORK 1
#define HAVE_WORKING_VFORK 1
#define HAVE_WORKING_FORK 1
#define HAVE_STDLIB_H 1
#define HAVE_MALLOC 1
#define HAVE_STDLIB_H 1
#define HAVE_REALLOC 1
#define HAVE_DUP2 1
#define HAVE_GETCWD 1
#define HAVE_GETHOSTBYNAME 1
#define HAVE_GETTIMEOFDAY 1
#define HAVE_MEMMOVE 1
#define HAVE_MEMSET 1
#define HAVE_MKDIR 1
#define HAVE_SOCKET 1
#define HAVE_STRCHR 1
#define HAVE_STRDUP 1
#define HAVE_STRERROR 1
#define HAVE_STRRCHR 1
#define HAVE_STRTOL 1

configure: exit 0
